<?xml version="1.0" encoding="UTF-8"?>
<testsuite name="Como usuario" tests="2" skipped="0" failures="0" errors="0" timestamp="2021-07-13T02:59:47" hostname="DESKTOP-CT3K1HU" time="7.468">
  <properties/>
  <testcase name="Comparar una mascota" classname="Como usuario" time="4.869"/>
  <testcase name="Comparar una mascota" classname="Como usuario" time="0.799"/>
  <system-out><![CDATA[Body:
{
    "petId": "0",
    "quantity": "100",
    "id": "0",
    "shipDate": "2021-07-13T00:20:37.930Z",
    "complete": "true",
    "status": "placed"
}
Body:
{
    "petId": "0",
    "quantity": "100",
    "id": "0",
    "shipDate": "2021-07-13T00:20:37.930Z",
    "complete": "true",
    "status": "placed"
}
]]></system-out>
  <system-err><![CDATA[[Test worker] INFO net.thucydides.core.steps.ConsoleLoggingListener - 
        __    _____ _____ ____ _____   ____   _    ____  ____  _____ ____  
  _     \ \  |_   _| ____/ ___|_   _| |  _ \ / \  / ___|/ ___|| ____|  _ \ 
 (_)_____| |   | | |  _| \___ \ | |   | |_) / _ \ \___ \\___ \|  _| | | | |
  _|_____| |   | | | |___ ___) || |   |  __/ ___ \ ___) |___) | |___| |_| |
 (_)     | |   |_| |_____|____/ |_|   |_| /_/   \_\____/|____/|_____|____/ 
        /_/                                                                

TEST PASSED: Comparar una mascota
----------------------------------------------------------------------------
[Test worker] INFO net.thucydides.core.steps.ConsoleLoggingListener - 
        __    _____ _____ ____ _____   ____   _    ____  ____  _____ ____  
  _     \ \  |_   _| ____/ ___|_   _| |  _ \ / \  / ___|/ ___|| ____|  _ \ 
 (_)_____| |   | | |  _| \___ \ | |   | |_) / _ \ \___ \\___ \|  _| | | | |
  _|_____| |   | | | |___ ___) || |   |  __/ ___ \ ___) |___) | |___| |_| |
 (_)     | |   |_| |_____|____/ |_|   |_| /_/   \_\____/|____/|_____|____/ 
        /_/                                                                

TEST PASSED: Comparar una mascota
----------------------------------------------------------------------------
]]></system-err>
</testsuite>
