<?xml version="1.0" encoding="UTF-8"?>
<testsuite name="como futuro usuario" tests="2" skipped="0" failures="0" errors="0" timestamp="2021-07-13T02:59:53" hostname="DESKTOP-CT3K1HU" time="0.632">
  <properties/>
  <testcase name="Create user successfully" classname="como futuro usuario" time="0.001"/>
  <testcase name="Crear un usuario con datos correctos" classname="como futuro usuario" time="0.624"/>
  <system-out><![CDATA[Body:
{
    "firstName": "pepito",
    "lastName": "perez",
    "password": "As123",
    "userStatus": "0",
    "phone": "3154125812",
    "id": "0",
    "email": "as@gmail.com",
    "username": "pepitoPe"
}
]]></system-out>
  <system-err><![CDATA[[Test worker] INFO net.thucydides.core.steps.ConsoleLoggingListener - 
          __  _____ _____ ____ _____   ____  _____ _   _ ____ ___ _   _  ____ 
 _       / / |_   _| ____/ ___|_   _| |  _ \| ____| \ | |  _ \_ _| \ | |/ ___|
(_)____ / /    | | |  _| \___ \ | |   | |_) |  _| |  \| | | | | ||  \| | |  _ 
 |_____/ /     | | | |___ ___) || |   |  __/| |___| |\  | |_| | || |\  | |_| |
(_)   /_/      |_| |_____|____/ |_|   |_|   |_____|_| \_|____/___|_| \_|\____|
                                                                                

TEST PENDING: Create user successfully
---------------------------------------------------------------------------------
[Test worker] INFO net.thucydides.core.steps.ConsoleLoggingListener - 
        __    _____ _____ ____ _____   ____   _    ____  ____  _____ ____  
  _     \ \  |_   _| ____/ ___|_   _| |  _ \ / \  / ___|/ ___|| ____|  _ \ 
 (_)_____| |   | | |  _| \___ \ | |   | |_) / _ \ \___ \\___ \|  _| | | | |
  _|_____| |   | | | |___ ___) || |   |  __/ ___ \ ___) |___) | |___| |_| |
 (_)     | |   |_| |_____|____/ |_|   |_| /_/   \_\____/|____/|_____|____/ 
        /_/                                                                

TEST PASSED: Crear un usuario con datos correctos
----------------------------------------------------------------------------
]]></system-err>
</testsuite>
